d:\onedrive\it\c++\semestr 2 - programowanie obiektowe\checkers_v2\checkers_v1.02\checkers_v1.02\debug\vc140.pdb
d:\onedrive\it\c++\semestr 2 - programowanie obiektowe\checkers_v2\checkers_v1.02\checkers_v1.02\debug\vc140.idb
d:\onedrive\it\c++\semestr 2 - programowanie obiektowe\checkers_v2\checkers_v1.02\checkers_v1.02\debug\ai.obj
d:\onedrive\it\c++\semestr 2 - programowanie obiektowe\checkers_v2\checkers_v1.02\checkers_v1.02\debug\ai_2.obj
d:\onedrive\it\c++\semestr 2 - programowanie obiektowe\checkers_v2\checkers_v1.02\checkers_v1.02\debug\board.obj
d:\onedrive\it\c++\semestr 2 - programowanie obiektowe\checkers_v2\checkers_v1.02\checkers_v1.02\debug\game.obj
d:\onedrive\it\c++\semestr 2 - programowanie obiektowe\checkers_v2\checkers_v1.02\checkers_v1.02\debug\graphic.obj
d:\onedrive\it\c++\semestr 2 - programowanie obiektowe\checkers_v2\checkers_v1.02\checkers_v1.02\debug\main.obj
d:\onedrive\it\c++\semestr 2 - programowanie obiektowe\checkers_v2\checkers_v1.02\checkers_v1.02\debug\matlab.obj
d:\onedrive\it\c++\semestr 2 - programowanie obiektowe\checkers_v2\checkers_v1.02\debug\checkers_v1.02.ilk
d:\onedrive\it\c++\semestr 2 - programowanie obiektowe\checkers_v2\checkers_v1.02\debug\checkers_v1.02.exe
d:\onedrive\it\c++\semestr 2 - programowanie obiektowe\checkers_v2\checkers_v1.02\debug\checkers_v1.02.pdb
d:\onedrive\it\c++\semestr 2 - programowanie obiektowe\checkers_v2\checkers_v1.02\checkers_v1.02\debug\ai.obj.enc
d:\onedrive\it\c++\semestr 2 - programowanie obiektowe\checkers_v2\checkers_v1.02\checkers_v1.02\debug\board.obj.enc
d:\onedrive\it\c++\semestr 2 - programowanie obiektowe\checkers_v2\checkers_v1.02\checkers_v1.02\debug\checkers_v1.02.tlog\cl.command.1.tlog
d:\onedrive\it\c++\semestr 2 - programowanie obiektowe\checkers_v2\checkers_v1.02\checkers_v1.02\debug\checkers_v1.02.tlog\cl.read.1.tlog
d:\onedrive\it\c++\semestr 2 - programowanie obiektowe\checkers_v2\checkers_v1.02\checkers_v1.02\debug\checkers_v1.02.tlog\cl.write.1.tlog
d:\onedrive\it\c++\semestr 2 - programowanie obiektowe\checkers_v2\checkers_v1.02\checkers_v1.02\debug\checkers_v1.02.tlog\link.command.1.tlog
d:\onedrive\it\c++\semestr 2 - programowanie obiektowe\checkers_v2\checkers_v1.02\checkers_v1.02\debug\checkers_v1.02.tlog\link.read.1.tlog
d:\onedrive\it\c++\semestr 2 - programowanie obiektowe\checkers_v2\checkers_v1.02\checkers_v1.02\debug\checkers_v1.02.tlog\link.write.1.tlog
