d:\onedrive\it\c++\semestr 2 - programowanie obiektowe\checkers_v2\checkers_v1.02\checkers_v1.02\debug\checkers_v1.02\vc140.pdb
d:\onedrive\it\c++\semestr 2 - programowanie obiektowe\checkers_v2\checkers_v1.02\checkers_v1.02\debug\checkers_v1.02\vc140.idb
d:\onedrive\it\c++\semestr 2 - programowanie obiektowe\checkers_v2\checkers_v1.02\checkers_v1.02\debug\checkers_v1.02\ai.obj
d:\onedrive\it\c++\semestr 2 - programowanie obiektowe\checkers_v2\checkers_v1.02\checkers_v1.02\debug\checkers_v1.02\ai_2.obj
d:\onedrive\it\c++\semestr 2 - programowanie obiektowe\checkers_v2\checkers_v1.02\checkers_v1.02\debug\checkers_v1.02\board.obj
d:\onedrive\it\c++\semestr 2 - programowanie obiektowe\checkers_v2\checkers_v1.02\checkers_v1.02\debug\checkers_v1.02\game.obj
d:\onedrive\it\c++\semestr 2 - programowanie obiektowe\checkers_v2\checkers_v1.02\checkers_v1.02\debug\checkers_v1.02\graphic.obj
d:\onedrive\it\c++\semestr 2 - programowanie obiektowe\checkers_v2\checkers_v1.02\checkers_v1.02\debug\checkers_v1.02\main.obj
d:\onedrive\it\c++\semestr 2 - programowanie obiektowe\checkers_v2\checkers_v1.02\checkers_v1.02\debug\checkers_v1.02\matlab.obj
d:\onedrive\it\c++\semestr 2 - programowanie obiektowe\checkers_v2\checkers_v1.02\checkers_v1.02\debug\checkers_v1.02\gamectrl.obj
d:\onedrive\it\c++\semestr 2 - programowanie obiektowe\checkers_v2\checkers_v1.02\checkers_v1.02\debug\checkers_v1.02\view.obj
d:\onedrive\it\c++\semestr 2 - programowanie obiektowe\checkers_v2\checkers_v1.02\debug\checkers_v1.02.ilk
d:\onedrive\it\c++\semestr 2 - programowanie obiektowe\checkers_v2\checkers_v1.02\debug\checkers_v1.02.exe
d:\onedrive\it\c++\semestr 2 - programowanie obiektowe\checkers_v2\checkers_v1.02\debug\checkers_v1.02.pdb
d:\onedrive\it\c++\semestr 2 - programowanie obiektowe\checkers_v2\checkers_v1.02\checkers_v1.02\debug\checkers_v1.02\checkers_v1.02.tlog\cl.command.1.tlog
d:\onedrive\it\c++\semestr 2 - programowanie obiektowe\checkers_v2\checkers_v1.02\checkers_v1.02\debug\checkers_v1.02\checkers_v1.02.tlog\cl.read.1.tlog
d:\onedrive\it\c++\semestr 2 - programowanie obiektowe\checkers_v2\checkers_v1.02\checkers_v1.02\debug\checkers_v1.02\checkers_v1.02.tlog\cl.write.1.tlog
d:\onedrive\it\c++\semestr 2 - programowanie obiektowe\checkers_v2\checkers_v1.02\checkers_v1.02\debug\checkers_v1.02\checkers_v1.02.tlog\link.command.1.tlog
d:\onedrive\it\c++\semestr 2 - programowanie obiektowe\checkers_v2\checkers_v1.02\checkers_v1.02\debug\checkers_v1.02\checkers_v1.02.tlog\link.read.1.tlog
d:\onedrive\it\c++\semestr 2 - programowanie obiektowe\checkers_v2\checkers_v1.02\checkers_v1.02\debug\checkers_v1.02\checkers_v1.02.tlog\link.write.1.tlog
